<?xml version="1.0" encoding="UTF-8"?>
<!-- Generated by org.testng.reporters.JUnitXMLReporter -->
<testsuite hostname="DESKTOP-046U7N0" ignored="9" name="Default test" tests="1" failures="0" timestamp="01 Mar 2020 09:57:55 GMT" time="19.047" errors="0">
  <testcase name="TC_authentication_ID_06_verifyErrorMessage" time="8.248" classname="com.AutomationFramework.companyName.automationEcommerce.testScripts.authentication"/>
  <testcase name="TC_authentication_ID_08_verifyLoginFunctionality" time="0.0" classname="com.AutomationFramework.companyName.automationEcommerce.testScripts.authentication">
    <ignored/>
  </testcase> <!-- TC_authentication_ID_08_verifyLoginFunctionality -->
  <testcase name="TC_authentication_ID_03_verifyLabel" time="0.0" classname="com.AutomationFramework.companyName.automationEcommerce.testScripts.authentication">
    <ignored/>
  </testcase> <!-- TC_authentication_ID_03_verifyLabel -->
  <testcase name="TC_authentication_ID_05_verifyForgotYourPassswordLinkFunctionality" time="0.0" classname="com.AutomationFramework.companyName.automationEcommerce.testScripts.authentication">
    <ignored/>
  </testcase> <!-- TC_authentication_ID_05_verifyForgotYourPassswordLinkFunctionality -->
  <testcase name="TC_authentication_ID_07_verifyLoginFunctionality" time="0.0" classname="com.AutomationFramework.companyName.automationEcommerce.testScripts.authentication">
    <ignored/>
  </testcase> <!-- TC_authentication_ID_07_verifyLoginFunctionality -->
  <testcase name="TC_authentication_ID_04_verifyErrorMessage" time="0.0" classname="com.AutomationFramework.companyName.automationEcommerce.testScripts.authentication">
    <ignored/>
  </testcase> <!-- TC_authentication_ID_04_verifyErrorMessage -->
  <testcase name="TC_authentication_ID_01_verifyHomeIconbuttonFunctionality" time="0.0" classname="com.AutomationFramework.companyName.automationEcommerce.testScripts.authentication">
    <ignored/>
  </testcase> <!-- TC_authentication_ID_01_verifyHomeIconbuttonFunctionality -->
  <testcase name="TC_authentication_ID_02_verifySectionTitles" time="0.0" classname="com.AutomationFramework.companyName.automationEcommerce.testScripts.authentication">
    <ignored/>
  </testcase> <!-- TC_authentication_ID_02_verifySectionTitles -->
  <testcase name="TC_authentication_ID_10_verifyLoginFunctionality" time="0.0" classname="com.AutomationFramework.companyName.automationEcommerce.testScripts.authentication">
    <ignored/>
  </testcase> <!-- TC_authentication_ID_10_verifyLoginFunctionality -->
  <testcase name="TC_authentication_ID_09_verifyLoginFunctionality" time="0.0" classname="com.AutomationFramework.companyName.automationEcommerce.testScripts.authentication">
    <ignored/>
  </testcase> <!-- TC_authentication_ID_09_verifyLoginFunctionality -->
</testsuite> <!-- Default test -->
