<?xml version="1.0" encoding="UTF-8"?>
<!-- Generated by org.testng.reporters.JUnitXMLReporter -->
<testsuite hostname="DESKTOP-046U7N0" ignored="22" name="Default test" tests="6" failures="1" timestamp="01 Mar 2020 07:42:34 GMT" time="117.705" errors="0">
  <testcase name="TC_footer_ID_23_verifyMyAccountLinkFunctionality" time="8.459" classname="com.AutomationFramework.companyName.automationEcommerce.testScripts.footer"/>
  <testcase name="TC_footer_ID_24_verifyMyOrdersLinkFunctionality" time="8.204" classname="com.AutomationFramework.companyName.automationEcommerce.testScripts.footer"/>
  <testcase name="TC_footer_ID_25_verifyMyCreditSlipsLinkFunctionality" time="8.651" classname="com.AutomationFramework.companyName.automationEcommerce.testScripts.footer">
    <failure type="java.lang.AssertionError" message="expected [true] but found [false]">
      <![CDATA[java.lang.AssertionError: expected [true] but found [false]
at org.testng.Assert.fail(Assert.java:96)
at org.testng.Assert.failNotEquals(Assert.java:776)
at org.testng.Assert.assertTrue(Assert.java:44)
at org.testng.Assert.assertTrue(Assert.java:54)
at com.AutomationFramework.companyName.automationEcommerce.helper.assertion.AssertionHelper.fail(AssertionHelper.java:102)
at com.AutomationFramework.companyName.automationEcommerce.helper.assertion.AssertionHelper.updateTestStatus(AssertionHelper.java:117)
at com.AutomationFramework.companyName.automationEcommerce.testScripts.footer.TC_footer_ID_25_verifyMyCreditSlipsLinkFunctionality(footer.java:445)
at sun.reflect.NativeMethodAccessorImpl.invoke0(Native Method)
at sun.reflect.NativeMethodAccessorImpl.invoke(NativeMethodAccessorImpl.java:62)
at sun.reflect.DelegatingMethodAccessorImpl.invoke(DelegatingMethodAccessorImpl.java:43)
at java.lang.reflect.Method.invoke(Method.java:498)
at org.testng.internal.MethodInvocationHelper.invokeMethod(MethodInvocationHelper.java:124)
at org.testng.internal.Invoker.invokeMethod(Invoker.java:583)
at org.testng.internal.Invoker.invokeTestMethod(Invoker.java:719)
at org.testng.internal.Invoker.invokeTestMethods(Invoker.java:989)
at org.testng.internal.TestMethodWorker.invokeTestMethods(TestMethodWorker.java:125)
at org.testng.internal.TestMethodWorker.run(TestMethodWorker.java:109)
at org.testng.TestRunner.privateRun(TestRunner.java:648)
at org.testng.TestRunner.run(TestRunner.java:505)
at org.testng.SuiteRunner.runTest(SuiteRunner.java:455)
at org.testng.SuiteRunner.runSequentially(SuiteRunner.java:450)
at org.testng.SuiteRunner.privateRun(SuiteRunner.java:415)
at org.testng.SuiteRunner.run(SuiteRunner.java:364)
at org.testng.SuiteRunnerWorker.runSuite(SuiteRunnerWorker.java:52)
at org.testng.SuiteRunnerWorker.run(SuiteRunnerWorker.java:84)
at org.testng.TestNG.runSuitesSequentially(TestNG.java:1208)
at org.testng.TestNG.runSuitesLocally(TestNG.java:1137)
at org.testng.TestNG.runSuites(TestNG.java:1049)
at org.testng.TestNG.run(TestNG.java:1017)
at org.testng.remote.AbstractRemoteTestNG.run(AbstractRemoteTestNG.java:114)
at org.testng.remote.RemoteTestNG.initAndRun(RemoteTestNG.java:251)
at org.testng.remote.RemoteTestNG.main(RemoteTestNG.java:77)
]]>
    </failure>
  </testcase> <!-- TC_footer_ID_25_verifyMyCreditSlipsLinkFunctionality -->
  <testcase name="TC_footer_ID_26_verifyMyAddressesLinkFunctionality" time="8.389" classname="com.AutomationFramework.companyName.automationEcommerce.testScripts.footer"/>
  <testcase name="TC_footer_ID_27_verifyMyPersonalInfoLinkFunctionality" time="11.453" classname="com.AutomationFramework.companyName.automationEcommerce.testScripts.footer"/>
  <testcase name="TC_footer_ID_28_verifySignoutLinkFunctionality" time="11.062" classname="com.AutomationFramework.companyName.automationEcommerce.testScripts.footer"/>
  <testcase name="TC_footer_ID_06_verifyTwitterButtonFunctionality" time="0.0" classname="com.AutomationFramework.companyName.automationEcommerce.testScripts.footer">
    <ignored/>
  </testcase> <!-- TC_footer_ID_06_verifyTwitterButtonFunctionality -->
  <testcase name="TC_footer_ID_12_verifyBestSellersLinkFunctionality" time="0.0" classname="com.AutomationFramework.companyName.automationEcommerce.testScripts.footer">
    <ignored/>
  </testcase> <!-- TC_footer_ID_12_verifyBestSellersLinkFunctionality -->
  <testcase name="TC_footer_ID_22_verifyMyPersonalInfoLinkFunctionality" time="0.0" classname="com.AutomationFramework.companyName.automationEcommerce.testScripts.footer">
    <ignored/>
  </testcase> <!-- TC_footer_ID_22_verifyMyPersonalInfoLinkFunctionality -->
  <testcase name="TC_footer_ID_01_verifyNewsletterSubscriptionFunctionality" time="0.0" classname="com.AutomationFramework.companyName.automationEcommerce.testScripts.footer">
    <ignored/>
  </testcase> <!-- TC_footer_ID_01_verifyNewsletterSubscriptionFunctionality -->
  <testcase name="TC_footer_ID_20_verifyMyCreditSlipsLinkFunctionality" time="0.0" classname="com.AutomationFramework.companyName.automationEcommerce.testScripts.footer">
    <ignored/>
  </testcase> <!-- TC_footer_ID_20_verifyMyCreditSlipsLinkFunctionality -->
  <testcase name="TC_footer_ID_07_verifyYoutubeButtonFunctionality" time="0.0" classname="com.AutomationFramework.companyName.automationEcommerce.testScripts.footer">
    <ignored/>
  </testcase> <!-- TC_footer_ID_07_verifyYoutubeButtonFunctionality -->
  <testcase name="TC_footer_ID_18_verifyMyAccountLinkFunctionality" time="0.0" classname="com.AutomationFramework.companyName.automationEcommerce.testScripts.footer">
    <ignored/>
  </testcase> <!-- TC_footer_ID_18_verifyMyAccountLinkFunctionality -->
  <testcase name="TC_footer_ID_09_verifyWomenLinkFunctionality" time="0.0" classname="com.AutomationFramework.companyName.automationEcommerce.testScripts.footer">
    <ignored/>
  </testcase> <!-- TC_footer_ID_09_verifyWomenLinkFunctionality -->
  <testcase name="TC_footer_ID_02_verifyNewsletterSubscriptionFunctionality" time="0.0" classname="com.AutomationFramework.companyName.automationEcommerce.testScripts.footer">
    <ignored/>
  </testcase> <!-- TC_footer_ID_02_verifyNewsletterSubscriptionFunctionality -->
  <testcase name="TC_footer_ID_15_verifyTermsAndConditionsOfUseLinkFunctionality" time="0.0" classname="com.AutomationFramework.companyName.automationEcommerce.testScripts.footer">
    <ignored/>
  </testcase> <!-- TC_footer_ID_15_verifyTermsAndConditionsOfUseLinkFunctionality -->
  <testcase name="TC_footer_ID_03_verifyNewsletterSubscriptionFunctionality" time="0.0" classname="com.AutomationFramework.companyName.automationEcommerce.testScripts.footer">
    <ignored/>
  </testcase> <!-- TC_footer_ID_03_verifyNewsletterSubscriptionFunctionality -->
  <testcase name="TC_footer_ID_14_verifyContactusLinkFunctionality" time="0.0" classname="com.AutomationFramework.companyName.automationEcommerce.testScripts.footer">
    <ignored/>
  </testcase> <!-- TC_footer_ID_14_verifyContactusLinkFunctionality -->
  <testcase name="TC_footer_ID_21_verifyMyAddressesLinkFunctionality" time="0.0" classname="com.AutomationFramework.companyName.automationEcommerce.testScripts.footer">
    <ignored/>
  </testcase> <!-- TC_footer_ID_21_verifyMyAddressesLinkFunctionality -->
  <testcase name="TC_footer_ID_17_verifySitemapLinkFunctionality" time="0.0" classname="com.AutomationFramework.companyName.automationEcommerce.testScripts.footer">
    <ignored/>
  </testcase> <!-- TC_footer_ID_17_verifySitemapLinkFunctionality -->
  <testcase name="TC_footer_ID_16_verifyAboutUsLinkFunctionality" time="0.0" classname="com.AutomationFramework.companyName.automationEcommerce.testScripts.footer">
    <ignored/>
  </testcase> <!-- TC_footer_ID_16_verifyAboutUsLinkFunctionality -->
  <testcase name="TC_footer_ID_19_verifyMyOrdersLinkFunctionality" time="0.0" classname="com.AutomationFramework.companyName.automationEcommerce.testScripts.footer">
    <ignored/>
  </testcase> <!-- TC_footer_ID_19_verifyMyOrdersLinkFunctionality -->
  <testcase name="TC_footer_ID_04_verifyNewsletterSubscriptionFunctionality" time="0.0" classname="com.AutomationFramework.companyName.automationEcommerce.testScripts.footer">
    <ignored/>
  </testcase> <!-- TC_footer_ID_04_verifyNewsletterSubscriptionFunctionality -->
  <testcase name="TC_footer_ID_13_verifyOurStoresLinkFunctionality" time="0.0" classname="com.AutomationFramework.companyName.automationEcommerce.testScripts.footer">
    <ignored/>
  </testcase> <!-- TC_footer_ID_13_verifyOurStoresLinkFunctionality -->
  <testcase name="TC_footer_ID_08_verifyGooglePlusButtonFunctionality" time="0.0" classname="com.AutomationFramework.companyName.automationEcommerce.testScripts.footer">
    <ignored/>
  </testcase> <!-- TC_footer_ID_08_verifyGooglePlusButtonFunctionality -->
  <testcase name="TC_footer_ID_05_verifyFacebookButtonFunctionality" time="0.0" classname="com.AutomationFramework.companyName.automationEcommerce.testScripts.footer">
    <ignored/>
  </testcase> <!-- TC_footer_ID_05_verifyFacebookButtonFunctionality -->
  <testcase name="TC_footer_ID_10_verifySpecialsLinkFunctionality" time="0.0" classname="com.AutomationFramework.companyName.automationEcommerce.testScripts.footer">
    <ignored/>
  </testcase> <!-- TC_footer_ID_10_verifySpecialsLinkFunctionality -->
  <testcase name="TC_footer_ID_11_verifyNewProductsLinkFunctionality" time="0.0" classname="com.AutomationFramework.companyName.automationEcommerce.testScripts.footer">
    <ignored/>
  </testcase> <!-- TC_footer_ID_11_verifyNewProductsLinkFunctionality -->
</testsuite> <!-- Default test -->
