<?xml version="1.0" encoding="UTF-8"?>
<testng-results skipped="0" failed="0" ignored="0" total="0" passed="0">
  <reporter-output>
  </reporter-output>
  <suite name="com.AutomationFramework.AppTest" duration-ms="6" started-at="2019-12-18T10:45:00Z" finished-at="2019-12-18T10:45:00Z">
    <groups>
    </groups>
    <test name="Command line test" duration-ms="6" started-at="2019-12-18T10:45:00Z" finished-at="2019-12-18T10:45:00Z">
    </test> <!-- Command line test -->
  </suite> <!-- com.AutomationFramework.AppTest -->
</testng-results>
